[0m[36m[37m
                 _---------.
             .' #######   ;."
  .---,.    ;@             @@`;   .---,..
." @@@@@'.,'@@            @@@@@',.'@@@@ ".
'-.@@@@@@@@@@@@@          @@@@@@@@@@@@@ @;
   `.@@@@@@@@@@@@        @@@@@@@@@@@@@@ .'
     "--'.@@@  -.@        @ ,'-   .'--"
          ".@' ; @       @ `.  ;'
            |@@@@ @@@     @    .
             ' @@@ @@   @@    ,
              `.@@@@    @@   .
                ',@@     @   ;           _____________
                 (   3 C    )     /|___ / Metasploit! \
                 ;@'. __*__,."    \|--- \_____________/
                  '(.,...."/[0m
[0m

       =[ [33mmetasploit v4.16.51-dev-47a324815d57d11989d2bbf5d0704e3bb096f3cb[0m]
+ -- --=[ 1751 exploits - 1003 auxiliary - 304 post       ]
+ -- --=[ 536 payloads - 40 encoders - 10 nops            ]
+ -- --=[ Free Metasploit Pro trial: http://r-7.co/trymsp ]

[0m[0mRHOSTS => 192.168.0.107
[0m[1m[32m[+][0m 192.168.0.107:445     - Host is likely VULNERABLE to MS17-010! - Windows 7 Professional 7601 Service Pack 1 x64 (64-bit)
[1m[34m[*][0m Scanned 1 of 1 hosts (100% complete)
[1m[34m[*][0m Auxiliary module execution completed
[0m